This is pdfTeX, Version 3.1415926-2.5-1.40.14 (TeX Live 2013/Debian) (format=pdflatex 2016.3.9)  18 APR 2016 15:23
entering extended mode
 restricted \write18 enabled.
 %&-line parsing enabled.
**agujournalsample.tex
(./agujournalsample.tex
LaTeX2e <2011/06/27>
Babel <3.9h> and hyphenation patterns for 4 languages loaded.
(./AGUJournal.cls
Document Class: AGUJournal 02/18/2016

LaTeX Warning: You have requested document class `AGUJournal',
               but the document class provides `times'.

Document Class: times 2005/04/12 PSNFSS-v9.2a (SPQR) 
(/usr/share/texlive/texmf-dist/tex/latex/graphics/graphicx.sty
Package: graphicx 1999/02/16 v1.0f Enhanced LaTeX Graphics (DPC,SPQR)

(/usr/share/texlive/texmf-dist/tex/latex/graphics/keyval.sty
Package: keyval 1999/03/16 v1.13 key=value parser (DPC)
\KV@toks@=\toks14
)
(/usr/share/texlive/texmf-dist/tex/latex/graphics/graphics.sty
Package: graphics 2009/02/05 v1.0o Standard LaTeX Graphics (DPC,SPQR)

(/usr/share/texlive/texmf-dist/tex/latex/graphics/trig.sty
Package: trig 1999/03/16 v1.09 sin cos tan (DPC)
)
(/usr/share/texlive/texmf-dist/tex/latex/latexconfig/graphics.cfg
File: graphics.cfg 2010/04/23 v1.9 graphics configuration of TeX Live
)
Package graphics Info: Driver file: pdftex.def on input line 91.

(/usr/share/texlive/texmf-dist/tex/latex/pdftex-def/pdftex.def
File: pdftex.def 2011/05/27 v0.06d Graphics/color for pdfTeX

(/usr/share/texlive/texmf-dist/tex/generic/oberdiek/infwarerr.sty
Package: infwarerr 2010/04/08 v1.3 Providing info/warning/error messages (HO)
)
(/usr/share/texlive/texmf-dist/tex/generic/oberdiek/ltxcmds.sty
Package: ltxcmds 2011/11/09 v1.22 LaTeX kernel commands for general use (HO)
)
\Gread@gobject=\count79
))
\Gin@req@height=\dimen102
\Gin@req@width=\dimen103
)

LaTeX Warning: You have requested document class `AGUJournal',
               but the document class provides `xcolor'.

Document Class: xcolor 2006/11/28 v2.10 LaTeX color extensions (UK)
(/usr/share/texlive/texmf-dist/tex/latex/latexconfig/color.cfg
File: color.cfg 2007/01/18 v1.5 color configuration of teTeX/TeXLive
)
Package xcolor Info: Package option `linenumbers' ignored on input line 270.
Package xcolor Info: Package option `draft' ignored on input line 270.
Package xcolor Info: Driver file: pdftex.def on input line 279.
Package xcolor Info: Model `cmy' substituted by `cmy0' on input line 1391.
Package xcolor Info: Model `hsb' substituted by `rgb' on input line 1395.
Package xcolor Info: Model `RGB' extended on input line 1407.
Package xcolor Info: Model `HTML' substituted by `rgb' on input line 1409.
Package xcolor Info: Model `Hsb' substituted by `hsb' on input line 1410.
Package xcolor Info: Model `tHsb' substituted by `hsb' on input line 1411.
Package xcolor Info: Model `HSB' substituted by `hsb' on input line 1412.
Package xcolor Info: Model `Gray' substituted by `gray' on input line 1413.
Package xcolor Info: Model `wave' substituted by `hsb' on input line 1414.

(/usr/share/texlive/texmf-dist/tex/latex/lineno/lineno.sty
Package: lineno 2005/11/02 line numbers on paragraphs v4.41
\linenopenalty=\count80
\output=\toks15
\linenoprevgraf=\count81
\linenumbersep=\dimen104
\linenumberwidth=\dimen105
\c@linenumber=\count82
\c@pagewiselinenumber=\count83
\c@LN@truepage=\count84
\c@internallinenumber=\count85
\c@internallinenumbers=\count86
\quotelinenumbersep=\dimen106
\bframerule=\dimen107
\bframesep=\dimen108
\bframebox=\box26
LaTeX Info: Redefining \\ on input line 3056.
)
(/usr/share/texlive/texmf-dist/tex/latex/tools/indentfirst.sty
Package: indentfirst 1995/11/23 v1.03 Indent first paragraph (DPC)
)
(/usr/share/texlive/texmf-dist/tex/latex/ms/ragged2e.sty
Package: ragged2e 2009/05/21 v2.1 ragged2e Package (MS)

(/usr/share/texlive/texmf-dist/tex/latex/ms/everysel.sty
Package: everysel 2011/10/28 v1.2 EverySelectfont Package (MS)
)
\CenteringLeftskip=\skip41
\RaggedLeftLeftskip=\skip42
\RaggedRightLeftskip=\skip43
\CenteringRightskip=\skip44
\RaggedLeftRightskip=\skip45
\RaggedRightRightskip=\skip46
\CenteringParfillskip=\skip47
\RaggedLeftParfillskip=\skip48
\RaggedRightParfillskip=\skip49
\JustifyingParfillskip=\skip50
\CenteringParindent=\skip51
\RaggedLeftParindent=\skip52
\RaggedRightParindent=\skip53
\JustifyingParindent=\skip54
)
(/usr/share/texlive/texmf-dist/tex/latex/rotating/rotating.sty
Package: rotating 2009/03/28 v2.16a rotated objects in LaTeX

(/usr/share/texlive/texmf-dist/tex/latex/base/ifthen.sty
Package: ifthen 2001/05/26 v1.1c Standard LaTeX ifthen package (DPC)
)
\c@r@tfl@t=\count87
\rotFPtop=\skip55
\rotFPbot=\skip56
\rot@float@box=\box27
\rot@mess@toks=\toks16
)
(/usr/share/texlive/texmf-dist/tex/generic/ulem/ulem.sty
\UL@box=\box28
\UL@hyphenbox=\box29
\UL@skip=\skip57
\UL@hook=\toks17
\UL@height=\dimen109
\UL@pe=\count88
\UL@pixel=\dimen110
\ULC@box=\box30
Package: ulem 2012/05/18
\ULdepth=\dimen111
)
\draftskip=\count89
\c@section=\count90
\c@subsection=\count91
\c@subsubsection=\count92
\c@paragraph=\count93
\c@subparagraph=\count94
\c@figure=\count95
\c@table=\count96
\abovecaptionskip=\skip58
\belowcaptionskip=\skip59
\c@appendnum=\count97
\bibindent=\dimen112

(/usr/share/texlive/texmf-dist/tex/latex/natbib/natbib.sty
Package: natbib 2010/09/13 8.31b (PWD, AO)
\bibhang=\skip60
\bibsep=\skip61
LaTeX Info: Redefining \cite on input line 694.
\c@NAT@ctr=\count98
)
\refchangenumber=\count99
\listchangenum=\count100
)
No file agujournalsample.aux.
\openout1 = `agujournalsample.aux'.

LaTeX Font Info:    Checking defaults for OML/cmm/m/it on input line 144.
LaTeX Font Info:    ... okay on input line 144.
LaTeX Font Info:    Checking defaults for T1/cmr/m/n on input line 144.
LaTeX Font Info:    ... okay on input line 144.
LaTeX Font Info:    Checking defaults for OT1/cmr/m/n on input line 144.
LaTeX Font Info:    ... okay on input line 144.
LaTeX Font Info:    Checking defaults for OMS/cmsy/m/n on input line 144.
LaTeX Font Info:    ... okay on input line 144.
LaTeX Font Info:    Checking defaults for OMX/cmex/m/n on input line 144.
LaTeX Font Info:    ... okay on input line 144.
LaTeX Font Info:    Checking defaults for U/cmr/m/n on input line 144.
LaTeX Font Info:    ... okay on input line 144.
LaTeX Font Info:    Try loading font information for OT1+ptm on input line 144.

(/usr/share/texlive/texmf-dist/tex/latex/psnfss/ot1ptm.fd
File: ot1ptm.fd 2001/06/04 font definitions for OT1/ptm.
)
(/usr/share/texlive/texmf-dist/tex/context/base/supp-pdf.mkii
[Loading MPS to PDF converter (version 2006.09.02).]
\scratchcounter=\count101
\scratchdimen=\dimen113
\scratchbox=\box31
\nofMPsegments=\count102
\nofMParguments=\count103
\everyMPshowfont=\toks18
\MPscratchCnt=\count104
\MPscratchDim=\dimen114
\MPnumerator=\count105
\makeMPintoPDFobject=\count106
\everyMPtoPDFconversion=\toks19
) (/usr/share/texlive/texmf-dist/tex/generic/oberdiek/pdftexcmds.sty
Package: pdftexcmds 2011/11/29 v0.20 Utility functions of pdfTeX for LuaTeX (HO
)

(/usr/share/texlive/texmf-dist/tex/generic/oberdiek/ifluatex.sty
Package: ifluatex 2010/03/01 v1.3 Provides the ifluatex switch (HO)
Package ifluatex Info: LuaTeX not detected.
)
(/usr/share/texlive/texmf-dist/tex/generic/oberdiek/ifpdf.sty
Package: ifpdf 2011/01/30 v2.3 Provides the ifpdf switch (HO)
Package ifpdf Info: pdfTeX in PDF mode is detected.
)
Package pdftexcmds Info: LuaTeX not detected.
Package pdftexcmds Info: \pdf@primitive is available.
Package pdftexcmds Info: \pdf@ifprimitive is available.
Package pdftexcmds Info: \pdfdraftmode found.
)
(/usr/share/texlive/texmf-dist/tex/latex/oberdiek/epstopdf-base.sty
Package: epstopdf-base 2010/02/09 v2.5 Base part for package epstopdf

(/usr/share/texlive/texmf-dist/tex/latex/oberdiek/grfext.sty
Package: grfext 2010/08/19 v1.1 Manage graphics extensions (HO)

(/usr/share/texlive/texmf-dist/tex/generic/oberdiek/kvdefinekeys.sty
Package: kvdefinekeys 2011/04/07 v1.3 Define keys (HO)
))
(/usr/share/texlive/texmf-dist/tex/latex/oberdiek/kvoptions.sty
Package: kvoptions 2011/06/30 v3.11 Key value format for package options (HO)

(/usr/share/texlive/texmf-dist/tex/generic/oberdiek/kvsetkeys.sty
Package: kvsetkeys 2012/04/25 v1.16 Key value parser (HO)

(/usr/share/texlive/texmf-dist/tex/generic/oberdiek/etexcmds.sty
Package: etexcmds 2011/02/16 v1.5 Avoid name clashes with e-TeX commands (HO)
Package etexcmds Info: Could not find \expanded.
(etexcmds)             That can mean that you are not using pdfTeX 1.50 or
(etexcmds)             that some package has redefined \expanded.
(etexcmds)             In the latter case, load this package earlier.
)))
Package grfext Info: Graphics extension search list:
(grfext)             [.png,.pdf,.jpg,.mps,.jpeg,.jbig2,.jb2,.PNG,.PDF,.JPG,.JPE
G,.JBIG2,.JB2,.eps]
(grfext)             \AppendGraphicsExtensions on input line 452.

(/usr/share/texlive/texmf-dist/tex/latex/latexconfig/epstopdf-sys.cfg
File: epstopdf-sys.cfg 2010/07/13 v1.3 Configuration of (r)epstopdf for TeX Liv
e
))
ABD: EverySelectfont initializing macros
LaTeX Info: Redefining \selectfont on input line 144.
LaTeX Font Info:    Font shape `OT1/ptm/bx/n' in size <14.4> not available
(Font)              Font shape `OT1/ptm/b/n' tried instead on input line 153.
LaTeX Font Info:    Try loading font information for OT1+phv on input line 153.


(/usr/share/texlive/texmf-dist/tex/latex/psnfss/ot1phv.fd
File: ot1phv.fd 2001/06/04 scalable font definitions for OT1/phv.
)
LaTeX Font Info:    Font shape `OT1/ptm/bx/n' in size <10> not available
(Font)              Font shape `OT1/ptm/b/n' tried instead on input line 166.
LaTeX Font Info:    External font `cmex10' loaded for size
(Font)              <7> on input line 166.
LaTeX Font Info:    External font `cmex10' loaded for size
(Font)              <5> on input line 166.
LaTeX Font Info:    External font `cmex10' loaded for size
(Font)              <8> on input line 166.
LaTeX Font Info:    External font `cmex10' loaded for size
(Font)              <6> on input line 166.
LaTeX Font Info:    Try loading font information for OT1+pcr on input line 186.


(/usr/share/texlive/texmf-dist/tex/latex/psnfss/ot1pcr.fd
File: ot1pcr.fd 2001/06/04 font definitions for OT1/pcr.
) [1{/var/lib/texmf/fonts/map/pdftex/updmap/pdftex.map}]
Overfull \hbox (2.2434pt too wide) in paragraph at lines 205--230
\OT1/ptm/m/n/10 This study ap-plies sta-tis-ti-cal post-processing to en-sem-bl
e fore-casts of near-surface tem-per-a- 
 []


Overfull \hbox (3.70772pt too wide) in paragraph at lines 205--230
\OT1/ptm/m/n/10 ture, 24-hour [](Deleted: |   [])[], [](Added: all)[] to-tals, 
and near-surface wind speed from 
 []


Overfull \hbox (1.87822pt too wide) in paragraph at lines 205--230
\OT1/ptm/m/n/10 the global model of the Eu-ro-pean Cen-tre for Medium-Range Wea
ther Fore-casts (ECMWF). 
 []


Overfull \hbox (7.4644pt too wide) in paragraph at lines 205--230
\OT1/ptm/m/n/10 The main ob-jec-tive is to eval-u-ate the evo-lu-tion of the di
f-fer-ence in skill be-tween the raw en- 
 []


Overfull \hbox (7.06729pt too wide) in paragraph at lines 205--230
\OT1/ptm/m/n/10 sem-ble and the post-processed fore-casts. Re-li-a-bil-ity and 
sharp-ness, and [](Replaced: |   [][] []re- 
 []


Overfull \hbox (3.79147pt too wide) in paragraph at lines 205--230
\OT1/ptm/m/n/10 placed with:[] []there-fore)[] skill, of the for-mer is ex-pect
ed to im-prove over time. Thus, the gain 
 []


Overfull \hbox (3.8315pt too wide) in paragraph at lines 205--230
\OT1/ptm/m/n/10 by post-processing is ex-pected to de-crease. Based on ECMWF fo
re-casts from Jan-uary 2002 
 []


Overfull \hbox (1.36816pt too wide) in paragraph at lines 205--230
\OT1/ptm/m/n/10 to March 2014 and cor-re-spond-ing ob-ser-va-tions from glob-al
ly dis-tributed sta-tions we gen-er- 
 []


Overfull \hbox (28.45688pt too wide) in paragraph at lines 205--230
\OT1/ptm/m/n/10 ate post-processed fore-casts by en-sem-ble model out-put stati
s-tics [](Added: ab-bre-vi-ated as)[] (EMOS) 
 []


Overfull \hbox (3.79448pt too wide) in paragraph at lines 205--230
\OT1/ptm/m/n/10 for each sta-tion and vari-able. Given the higher av-er-age ski
ll of the post-processed fore-casts, 
 []


Overfull \hbox (19.21095pt too wide) in paragraph at lines 205--230
\OT1/ptm/m/n/10 we anal-yse the evo-lu-tion of the dif-fer-ence in skill be-twe
en raw en-sem-ble and EMOS. This skill 
 []


Overfull \hbox (4.37062pt too wide) in paragraph at lines 205--230
\OT1/ptm/m/n/10 gap re-mains al-most con-stant over time in-di-cat-ing that pos
t-processing will keep adding skill 
 []

LaTeX Font Info:    Font shape `OT1/ptm/bx/n' in size <10.5> not available
(Font)              Font shape `OT1/ptm/b/n' tried instead on input line 262.

Package natbib Warning: Citation `Palm00' on page 2 undefined on input line 266
.


Package natbib Warning: Citation `Hami00' on page 2 undefined on input line 266
.


Package natbib Warning: Citation `Leit74' on page 2 undefined on input line 270
.

LaTeX Font Info:    Font shape `OT1/ptm/bx/n' in size <8> not available
(Font)              Font shape `OT1/ptm/b/n' tried instead on input line 271.

Package natbib Warning: Citation `Leit74' on page 2 undefined on input line 271
.


Package natbib Warning: Citation `Boug10' on page 2 undefined on input line 276
.


Package natbib Warning: Citation `Park08' on page 2 undefined on input line 276
.


Package natbib Warning: Citation `Gneit05' on page 2 undefined on input line 28
0.


Overfull \hbox (2.40468pt too wide) in paragraph at lines 264--284
[]\OT1/ptm/m/n/10 Over the last two decades the paradigm in weather fore-cast-i
ng has shifted from be-ing 
 []


Overfull \hbox (9.72408pt too wide) in paragraph at lines 264--284
\OT1/ptm/m/n/10 de-ter-min-is-tic to prob-a-bilis-tic [see e.g. \OT1/ptm/b/n/10
 ??\OT1/ptm/m/n/10 ]. Ac-cord-ingly, nu-mer-i-cal weather pre-dic-tion (NWP) 
 []


Overfull \hbox (11.96442pt too wide) in paragraph at lines 264--284
\OT1/ptm/m/n/10 mod-els have been run in-creas-ingly as en-sem-ble fore-cast-in
g sys-tems. The goal of such en-sem- 
 []


Overfull \hbox (6.81702pt too wide) in paragraph at lines 264--284
\OT1/ptm/m/n/10 ble fore-casts is to ap-prox-i-mate the fore-cast prob-a-bil-it
y dis-tri-bu-tion by a fi-nite sam-ple of sce- 
 []


Overfull \hbox (30.96074pt too wide) in paragraph at lines 264--284
\OT1/ptm/m/n/10 nar-ios \OT1/ptm/b/n/10 ?[] \OT1/ptm/m/n/10 Global en-sem-ble f
ore-cast sys-tems, like the Eu-ro-pean Cen-tre for Medium-Range Weather 
 []


Overfull \hbox (15.44063pt too wide) in paragraph at lines 264--284
\OT1/ptm/m/n/10 Fore-casts (ECMWF) en-sem-ble, are prone to prob-a-bilis-tic bi
-ases, and are there-fore not re-li-able. 
 []


Overfull \hbox (19.19814pt too wide) in paragraph at lines 264--284
\OT1/ptm/m/n/10 They par-tic-u-larly tend to be un-der-dis-per-sive for sur-fac
e weather pa-ram-e-ters \OT1/ptm/b/n/10 ??\OT1/ptm/m/n/10 . In or-der to cor- 
 []


Overfull \hbox (22.2967pt too wide) in paragraph at lines 264--284
\OT1/ptm/m/n/10 rect for fore-cast un-der-dis-per-sion and bias in NWP en-sem-b
les dif-fer-ent sta-tis-ti-cal post-processing 
 []


Overfull \hbox (20.48462pt too wide) in paragraph at lines 264--284
\OT1/ptm/m/n/10 meth-ods have been de-vel-oped, of which en-sem-ble model out-p
ut statis-tics (EMOS) [\OT1/ptm/b/n/10 ?\OT1/ptm/m/n/10 ] is among 
 []


Overfull \hbox (13.82375pt too wide) in paragraph at lines 264--284
\OT1/ptm/m/n/10 the most widely ap-plied. EMOS yields a para-met-ric fore-cast 
dis-tri-bu-tion by link-ing its pa-ram- 
 []


Overfull \hbox (28.50992pt too wide) in paragraph at lines 264--284
\OT1/ptm/m/n/10 e-ters to en-sem-ble statis-tics. Due to its sim-plic-ity and l
ow com-pu-ta-tional cost, we fo-cus on EMOS 
 []


Package natbib Warning: Citation `Buiz98' on page 2 undefined on input line 288
.


Package natbib Warning: Citation `Buiz07' on page 2 undefined on input line 288
.


Package natbib Warning: Citation `Rich13' on page 2 undefined on input line 288
.


Package natbib Warning: Citation `Haid14' on page 2 undefined on input line 288
.


Underfull \hbox (badness 10000) in paragraph at lines 298--298
[][] \OT1/ptm/m/n/10 [Jon,
 []


Underfull \hbox (badness 10000) in paragraph at lines 298--298
\OT1/ptm/m/n/10 2/16/16]
 []


Underfull \hbox (badness 10000) in paragraph at lines 298--298
\OT1/ptm/m/n/10 Re-dun-dant
 []


Underfull \hbox (badness 10000) in paragraph at lines 298--298
\OT1/ptm/m/n/10 sen-tence,
 []


Underfull \hbox (badness 10000) in paragraph at lines 298--298
\OT1/ptm/m/n/10 bet-ter with-
 []


Package natbib Warning: Citation `Raft05' on page 2 undefined on input line 313
.


Package natbib Warning: Citation `Fra10' on page 2 undefined on input line 313.



Package natbib Warning: Citation `Math76' on page 2 undefined on input line 316
.


Package natbib Warning: Citation `Gneit07b' on page 2 undefined on input line 3
18.


Overfull \hbox (0.34816pt too wide) in paragraph at lines 287--324
[]\OT1/ptm/m/n/10 The ECMWF en-sem-ble is un-der con-tin-u-ous de-vel-op-ment, 
and hence its fore-cast skill 
 []


Overfull \hbox (5.17218pt too wide) in paragraph at lines 287--324
\OT1/ptm/m/n/10 im-proves over time [\OT1/ptm/b/n/10 ????\OT1/ptm/m/n/10 ]. Par
ts of these im-prove-ments may be due to a re-duc-tion of prob- 
 []


Overfull \hbox (4.16388pt too wide) in paragraph at lines 287--324
\OT1/ptm/m/n/10 a-bilis-tic bi-ases. From this we de-duce the fol-low-ing hy-po
th-e-sis: As the raw fore-casts con-tin- 
 []


Overfull \hbox (26.74782pt too wide) in paragraph at lines 287--324
\OT1/ptm/m/n/10 u-ously im-prove, it is hy-poth-e-sized that the gap in skill b
e-tween raw en-sem-ble and post-processed 
 []


Overfull \hbox (13.09396pt too wide) in paragraph at lines 287--324
\OT1/ptm/m/n/10 fore-casts nar-rows, be-cause sys-tem-atic er-rors typ-i-cally 
cap-tured by post-processing are re-duced 
 []


Overfull \hbox (11.45459pt too wide) in paragraph at lines 287--324
\OT1/ptm/m/n/10 by those im-prove-ments.  [](Deleted: |   []   |   []   |   [] 
  |   []   |   []   |   []   |   []   |   []   |   [] 
 []


Overfull \hbox (6.60722pt too wide) in paragraph at lines 287--324
|   []   |   []   |   []   |   []   |   []   |   []   |   []\OT1/ptm/m/n/10 )[]
 As-sum-ing that the raw en-sem-ble 
 []


Overfull \hbox (0.4315pt too wide) in paragraph at lines 287--324
\OT1/ptm/m/n/10 fore-casts con-tinue to im-prove in the fu-ture, the gap in ski
ll may even-tu-ally be closed when 
 []


Overfull \hbox (2.14795pt too wide) in paragraph at lines 287--324
\OT1/ptm/m/n/10 the raw en-sem-ble fore-casts be-come re-li-able and un-bi-ased
. In this work we anal-yse the evo- 
 []


Overfull \hbox (18.5048pt too wide) in paragraph at lines 287--324
\OT1/ptm/m/n/10 lu-tion of the global per-for-mance of the op-er-a-tional ECMWF
 raw en-sem-ble and the cor-re-spond- 
 []


Overfull \hbox (33.65762pt too wide) in paragraph at lines 287--324
\OT1/ptm/m/n/10 ing post-processed EMOS fore-casts for 2 me-tre tem-per-a-ture 
(T2M), 24-hour pre-cip-i-ta-tion (PPT24), 
 []


Overfull \hbox (9.34473pt too wide) in paragraph at lines 287--324
\OT1/ptm/m/n/10 and 10-m wind speed (V10). We ver-ify the fore-casts against gl
ob-ally dis-tributed sur-face syn- 
 []


Overfull \hbox (29.92143pt too wide) in paragraph at lines 287--324
\OT1/ptm/m/n/10 op-tic ob-ser-va-tions (SYNOP) data over a pe-riod of about 10 
years. We firstly eval-u-ate the monthly 
 []


Overfull \hbox (5.16788pt too wide) in paragraph at lines 287--324
\OT1/ptm/m/n/10 av-er-age skill in terms of CRPS for both the raw and the EMOS 
fore-casts. In or-der to as-sess 
 []


Overfull \hbox (9.91794pt too wide) in paragraph at lines 287--324
\OT1/ptm/m/n/10 the ex-tent to which the re-sults de-pend on the choice of the 
post-processing method, Bayesian 
 []


Overfull \hbox (4.6847pt too wide) in paragraph at lines 287--324
\OT1/ptm/m/n/10 model av-er-ag-ing (BMA), \OT1/ptm/b/n/10 ?? \OT1/ptm/m/n/10 is
 ad-di-tion-ally ap-plied to the T2M raw en-sem-ble fore-casts. We 
 []


Overfull \hbox (17.52104pt too wide) in paragraph at lines 287--324
\OT1/ptm/m/n/10 will use the neg-a-tively ori-ented (i.e. the lower the value t
he higher the skill) con-tin-u-ous ranked 
 []


Overfull \hbox (11.30022pt too wide) in paragraph at lines 287--324
\OT1/ptm/m/n/10 prob-a-bil-ity score (CRPS) [\OT1/ptm/b/n/10 ?\OT1/ptm/m/n/10 ]
 as a mea-sure of skill. As the CRPS as-sesses both re-li-a-bil-ity and 
 []


Overfull \hbox (3.24492pt too wide) in paragraph at lines 287--324
\OT1/ptm/m/n/10 sharp-ness and is a proper score [\OT1/ptm/b/n/10 ?\OT1/ptm/m/n
/10 ], we rely on it for model fit-ting and ver-i-fi-ca-tion through- 
 []


Overfull \hbox (13.4438pt too wide) in paragraph at lines 287--324
\OT1/ptm/m/n/10 out this study. Note that skill and re-li-a-bil-ity are linked 
in that given con-stant sharp-ness an im- 
 []


Overfull \hbox (1.9078pt too wide) in paragraph at lines 287--324
\OT1/ptm/m/n/10 prove-ment in re-li-a-bil-ity leads to an im-prove-ment in skil
l and vice versa. We fi-nally anal-yse 
 []


Underfull \vbox (badness 10000) has occurred while \output is active []

 [2]

LaTeX Warning: Reference `sec:intro' on page 3 undefined on input line 325.


LaTeX Warning: Reference `sec:meth' on page 3 undefined on input line 327.


LaTeX Warning: Reference `sec:res' on page 3 undefined on input line 327.


LaTeX Warning: Reference `sec:disc' on page 3 undefined on input line 329.


Package natbib Warning: Citation `R2013' on page 3 undefined on input line 332.



Overfull \hbox (15.45085pt too wide) in paragraph at lines 325--333
[]\OT1/ptm/m/n/10 After pre-sent-ing the dataset in sec-tion [] we sum-ma-rize 
the meth-ods for post-processing 
 []


Overfull \hbox (12.45729pt too wide) in paragraph at lines 325--333
\OT1/ptm/m/n/10 and for the as-sess-ment of the global skill evo-lu-tion in sec
-tion []. In sec-tion [] the re-sults are 
 []


Overfull \hbox (4.36801pt too wide) in paragraph at lines 325--333
\OT1/ptm/m/n/10 shown. This is fol-lowed by a dis-cus-sion in sec-tion [] along
 with some con-clud-ing re-marks. 
 []

<figsamp.pdf, id=20, 255.95625pt x 138.5175pt>
File: figsamp.pdf Graphic file (type pdf)
 <use figsamp.pdf>
Package pdftex.def Info: figsamp.pdf used on input line 360.
(pdftex.def)             Requested size: 200.31291pt x 108.405pt.
LaTeX Font Info:    Font shape `OT1/ptm/bx/n' in size <9> not available
(Font)              Font shape `OT1/ptm/b/n' tried instead on input line 361.
File: figsamp.pdf Graphic file (type pdf)

<use figsamp.pdf>
Package pdftex.def Info: figsamp.pdf used on input line 366.
(pdftex.def)             Requested size: 255.95561pt x 138.51715pt.

Underfull \hbox (badness 10000) in paragraph at lines 371--371
[]\OT1/ptm/b/n/9 Figure  2. \OT1/ptm/m/n/9 The fig-ure cap-tion should be-gin w
ith an over-all de-scrip-tive state-ment of the fig-ure fol-lowed by
 []


Underfull \hbox (badness 10000) in paragraph at lines 371--371
\OT1/ptm/m/n/9 ad-di-tional text. They should be im-me-di-ately af-ter each fig
-ure. Fig-ure parts are in-di-cated with lower-case let-
 []


Underfull \hbox (badness 10000) in paragraph at lines 371--371
\OT1/ptm/m/n/9 ters (\OT1/ptm/b/n/9 a, b, c\OT1/ptm/m/n/9 ...). For ini-tial su
b-mis-sion, please place both the fig-ures and cap-tions in the text near where
 they
 []


LaTeX Warning: `h' float specifier changed to `ht'.


Underfull \hbox (badness 10000) in paragraph at lines 381--381
[]\OT1/ptm/b/n/9 Table 1. \OT1/ptm/m/n/9 Start this cap-tion with a short de-sc
rip-tion of your ta-ble. Large ta-bles es-pe-cially pre-sent-ing rich data
 []

LaTeX Font Info:    External font `cmex10' loaded for size
(Font)              <9> on input line 390.
File: figsamp.pdf Graphic file (type pdf)
<use figsamp.pdf>
Package pdftex.def Info: figsamp.pdf used on input line 415.
(pdftex.def)             Requested size: 240.0pt x 129.88307pt.
 [3 <./figsamp.pdf>] [4] [5] [6]
Overfull \hbox (10.30139pt too wide) in paragraph at lines 435--443
[]\OT1/ptm/m/n/10 Post-processing us-ing EMOS con-verts a raw en-sem-ble of dis
-crete fore-casts into a prob- 
 []


Overfull \hbox (2.47617pt too wide) in paragraph at lines 435--443
\OT1/ptm/m/n/10 a-bil-ity dis-tri-bu-tion. Let $\OML/cmm/m/it/10 y$ \OT1/ptm/m/
n/10 be the vari-able to be fore-cast (here: T2M, PPT24 or V10) and let 
 []


Overfull \hbox (7.08966pt too wide) in paragraph at lines 435--443
\OML/cmm/m/it/10 f \OT1/cmr/m/n/10 = (\OML/cmm/m/it/10 f[]; f[]; [] ; f[]\OT1/c
mr/m/n/10 )[]$ \OT1/ptm/m/n/10 be the vec-tor of the $\OML/cmm/m/it/10 K$ \OT1/
ptm/m/n/10 mem-ber raw en-sem-ble fore-casts (here: HRES, 
 []


Overfull \hbox (3.90823pt too wide) in paragraph at lines 445--450
\OT1/ptm/m/n/10 where $\OML/cmm/m/it/10 g\OT1/cmr/m/n/10 (\OMS/cmsy/m/n/10 ^^A\
OT1/cmr/m/n/10 )$ \OT1/ptm/m/n/10 is a para-met-ric den-sity func-tion with lo-
ca-tion and scale pa-ram-e-ters $\OML/cmm/m/it/10 m$ \OT1/ptm/m/n/10 and $\OML/
cmm/m/it/10 ^^[$\OT1/ptm/m/n/10 , re- 
 []

LaTeX Font Info:    Font shape `OT1/ptm/bx/it' in size <10> not available
(Font)              Font shape `OT1/ptm/b/it' tried instead on input line 451.

Package natbib Warning: Citation `ScheueBue13' on page 7 undefined on input lin
e 455.


Overfull \hbox (5.73158pt too wide) in paragraph at lines 452--464
[]\OT1/ptm/m/n/10 For T2M fore-casts $\OML/cmm/m/it/10 g\OT1/cmr/m/n/10 (\OMS/c
msy/m/n/10 ^^A\OT1/cmr/m/n/10 )$ \OT1/ptm/m/n/10 is a nor-mal den-sity dis-tri-
bu-tion with mean $\OML/cmm/m/it/10 m$ \OT1/ptm/m/n/10 and vari-ance $\OML/cmm/
m/it/10 ^^[[]$\OT1/ptm/m/n/10 . 
 []


Overfull \hbox (17.05824pt too wide) in paragraph at lines 452--464
\OT1/ptm/m/n/10 Here, we use a vari-ant of the orig-i-nal EMOS ap-proach sim-i-
lar to the one pro-posed by \OT1/ptm/b/n/10 ? \OT1/ptm/m/n/10 where 
 []


Overfull \hbox (5.16052pt too wide) in paragraph at lines 452--464
\OT1/ptm/m/n/10 the de-par-tures of ob-served tem-per-a-tures from their cli-ma
-to-log-i-cal means are re-lated to those 
 []


Overfull \hbox (0.6773pt too wide) in paragraph at lines 452--464
\OT1/ptm/m/n/10 of the fore-casts. Specif-i-cally, let $\OML/cmm/m/it/10 T \OT1
/cmr/m/n/10 = \OMS/cmsy/m/n/10 f\OML/cmm/m/it/10 t[]; [] ; t[]\OMS/cmsy/m/n/10 
g$ \OT1/ptm/m/n/10 be a train-ing pe-riod of $\OML/cmm/m/it/10 n$ \OT1/ptm/m/n/
10 days pre-ced-ing 
 []


Overfull \hbox (10.3879pt too wide) in paragraph at lines 452--464
\OT1/ptm/m/n/10 the fore-cast ini-tial-iza-tion and de-note by $\OML/cmm/m/it/1
0 f[]$ \OT1/ptm/m/n/10 the fore-cast of the k-th en-sem-ble mem-ber and by 
 []


Overfull \hbox (16.85757pt too wide) in paragraph at lines 468--487
\OT1/ptm/m/n/10 which cap-tures the sea-sonal vari-a-tion of T2M. The resid-ual
 terms $\OML/cmm/m/it/10 "[]$ \OT1/ptm/m/n/10 are likely cor-re-lated over 
 []


Overfull \hbox (6.7179pt too wide) in paragraph at lines 468--487
\OT1/ptm/m/n/10 time, but for sim-plic-ity an or-di-nary least squares fit is p
er-formed. We de-note by $[]$ the fit-ted 
 []


Overfull \hbox (0.78197pt too wide) in paragraph at lines 468--487
\OT1/ptm/m/n/10 value of this pe-ri-odic re-gres-sion model on day $\OML/cmm/m/
it/10 t$ \OT1/ptm/m/n/10 and in-ter-pret it as the cli-ma-to-log-i-cal mean 
 []


Overfull \hbox (4.99867pt too wide) in paragraph at lines 468--487
\OT1/ptm/m/n/10 tem-per-a-ture on this day. This model can eas-ily be ex-trap-o
-lated to fu-ture days $\OML/cmm/m/it/10 t[]; t[]; []$ 
 []


Overfull \hbox (4.38478pt too wide) in paragraph at lines 468--487
\OT1/ptm/m/n/10 The above re-gres-sion in-cludes both a sine and a co-sine term
 which is equiv-a-lent to a co-sine 
 []


Overfull \hbox (9.46635pt too wide) in paragraph at lines 468--487
\OT1/ptm/m/n/10 model with vari-able phase and am-pli-tude. Since $\OML/cmm/m/i
t/10 j \OT1/cmr/m/n/10 = 1\OML/cmm/m/it/10 ; [] ; n$ \OT1/ptm/m/n/10 is just a 
num-ber-ing of the days 
 []


Overfull \hbox (0.65865pt too wide) in paragraph at lines 468--487
\OT1/ptm/m/n/10 in $\OML/cmm/m/it/10 T$\OT1/ptm/m/n/10 , dif-fer-ent train-ing 
pe-ri-ods have dif-fer-ent phase pa-ram-e-ters and hence $\OML/cmm/m/it/10 c[]$
 \OT1/ptm/m/n/10 and $\OML/cmm/m/it/10 c[]$ \OT1/ptm/m/n/10 evolve 
 []


Overfull \hbox (14.54816pt too wide) in paragraph at lines 468--487
\OT1/ptm/m/n/10 over the cal-en-dar year. We fit the same type of model also to
 the en-sem-ble mean, con-trol, and 
 []


Overfull \hbox (9.92978pt too wide) in paragraph at lines 468--487
\OT1/ptm/m/n/10 high res-o-lu-tion run and ob-tain cli-ma-to-log-i-cal means $[
]\OML/cmm/m/it/10 ; []$\OT1/ptm/m/n/10 , and $[]$. The mean 
 []


Underfull \vbox (badness 1466) has occurred while \output is active []

 [7

]
Overfull \hbox (3.24216pt too wide) in paragraph at lines 499--506
\OT1/ptm/m/n/10 con-strained to be non-negative, and hence $\OML/cmm/m/it/10 a[
]= [][] a[]$ \OT1/ptm/m/n/10 can be un-der-stood as the weight of 
 []


Package natbib Warning: Citation `Scheu14' on page 8 undefined on input line 50
8.


Overfull \hbox (11.25641pt too wide) in paragraph at lines 508--514
[]\OT1/ptm/m/n/10 For PPT24 we use the EMOS ap-proach pro-posed by \OT1/ptm/b/n
/10 ?\OT1/ptm/m/n/10 , where $\OML/cmm/m/it/10 g\OT1/cmr/m/n/10 (\OMS/cmsy/m/n/
10 ^^A\OT1/cmr/m/n/10 )$ \OT1/ptm/m/n/10 is a left-censored (at 
 []


Overfull \hbox (11.51967pt too wide) in paragraph at lines 508--514
\OT1/ptm/m/n/10 zero) gen-er-al-ized ex-treme value (GEV) dis-tri-bu-tion. Whil
e the shape pa-ram-e-ter $\OML/cmm/m/it/10 ^^X$ \OT1/ptm/m/n/10 of the GEV 
 []


Overfull \hbox (14.67302pt too wide) in paragraph at lines 518--528
\OT1/ptm/m/n/10 where $\OML/cmm/m/it/10 ^^Y[]$ \OT1/ptm/m/n/10 is the frac-tion
 of en-sem-ble mem-bers pre-dict-ing zero pre-cip-i-ta-tion and $[][] \OT1/cmr/
m/n/10 := \OML/cmm/m/it/10 K[]$ 
 []


Overfull \hbox (1.1322pt too wide) in paragraph at lines 518--528
\OML/cmm/m/it/10 ^^R[] \OT1/cmr/m/n/10 = (\OML/cmm/m/it/10 a[]; [] ; a[]; b[]; 
b[]\OT1/cmr/m/n/10 )[]$\OT1/ptm/m/n/10 . The pa-ram-e-ters $\OML/cmm/m/it/10 a[
]; a[]; a[]; b[]; b[]$ \OT1/ptm/m/n/10 are con-strained to be non- 
 []


Overfull \hbox (8.14095pt too wide) in paragraph at lines 532--540
[]\OT1/ptm/m/n/10 As stated in the in-tro-duc-tion, the main ob-jec-tive of thi
s study is to anal-yse whether the 
 []


Overfull \hbox (2.0749pt too wide) in paragraph at lines 532--540
\OT1/ptm/m/n/10 gap in CRPS be-tween the raw en-sem-ble and the post-processed 
fore-cast nar-rows over time. 
 []


Overfull \hbox (8.83414pt too wide) in paragraph at lines 532--540
\OT1/ptm/m/n/10 This is as-sessed station-wise us-ing both a para-met-ric and a
 non-parametric ap-proach. For the 
 []


Overfull \hbox (10.14749pt too wide) in paragraph at lines 532--540
\OT1/ptm/m/n/10 for-mer, we fit the fol-low-ing re-gres-sion model to the month
ly time se-ries of CRPS dif-fer-ences 
 []


Package natbib Warning: Citation `Mann45' on page 8 undefined on input line 547
.


Package natbib Warning: Citation `Kendall' on page 8 undefined on input line 54
8.


Overfull \hbox (12.8172pt too wide) in paragraph at lines 542--552
\OT1/ptm/m/n/10 where $\OT1/cmr/m/n/10 ^^A[][]$ \OT1/ptm/m/n/10 is the pre-dic-
tand, $\OML/cmm/m/it/10 t$ \OT1/ptm/m/n/10 is now the time in months, and $\OML
/cmm/m/it/10 ^^[[]$ \OT1/ptm/m/n/10 de-notes the er-ror vari- 
 []


Overfull \hbox (2.60056pt too wide) in paragraph at lines 542--552
\OT1/ptm/m/n/10 ance. For the lat-ter, we use Kendall's $\OML/cmm/m/it/10 ^^\$ 
\OT1/ptm/m/n/10 cor-re-la-tion co-ef-fi-cient and the as-so-ci-ated test statis
- 
 []


Overfull \hbox (3.67487pt too wide) in paragraph at lines 542--552
\OT1/ptm/m/n/10 tics [\OT1/ptm/b/n/10 ?\OT1/ptm/m/n/10 ] as im-ple-mented in th
e \OT1/pcr/m/n/10 R \OT1/ptm/m/n/10 pack-age \OT1/pcr/m/n/10 Kendall \OT1/ptm/m
/n/10 [\OT1/ptm/b/n/10 ?\OT1/ptm/m/n/10 ]. In or-der to cor-rect for sea-sonal 
ef- 
 []


LaTeX Warning: Reference `figone' on page 8 undefined on input line 558.


LaTeX Warning: Reference `eq:linseas' on page 8 undefined on input line 559.


Overfull \hbox (5.89503pt too wide) in paragraph at lines 555--563
\OT1/ptm/m/n/10 Note that neg-a-tive $\OML/cmm/m/it/10 ^^\$ \OT1/ptm/m/n/10 val
-ues in-di-cate a neg-a-tive trend and pos-i-tive val-ues a pos-i-tive one. Fig
- 
 []


Overfull \hbox (4.02507pt too wide) in paragraph at lines 555--563
\OT1/ptm/m/n/10 ure [] a) and b) show the re-gres-sion lines es-ti-mated by mod
el ([]) for monthly av-er-ages of 
 []


Overfull \hbox (10.72592pt too wide) in paragraph at lines 555--563
\OT1/cmr/m/n/10 ^^A[]$ \OT1/ptm/m/n/10 and the cor-re-spond-ing Kendall's $\OML
/cmm/m/it/10 ^^\$ \OT1/ptm/m/n/10 test statis-tics for an ex-am-ple with de-cre
as-ing and 
 []

[8]

LaTeX Warning: Reference `tab:signif_gap_clos' on page 9 undefined on input lin
e 582.


LaTeX Warning: Reference `fig:mean_and_slope' on page 9 undefined on input line
 587.


Overfull \hbox (21.3583pt too wide) in paragraph at lines 571--603
[]\OT1/ptm/m/n/10 The above re-sults in-di-cate a ten-dency of a de-crease in $
\OT1/cmr/m/n/10 ^^A$\OT1/ptm/m/n/10 CRPS over time at least for T2M 
 []


Overfull \hbox (14.55801pt too wide) in paragraph at lines 571--603
\OT1/ptm/m/n/10 and PPT24. In the fol-low-ing we check the per-cent-ages of sta
-tions with de-creas-ing, an ab-sence 
 []


Overfull \hbox (17.74504pt too wide) in paragraph at lines 571--603
\OT1/ptm/m/n/10 of, or in-creas-ing trend in $\OT1/cmr/m/n/10 ^^A$\OT1/ptm/m/n/
10 CRPS over time at a sig-nif-i-cance level of 0.05. In or-der to be more 
 []


Overfull \hbox (22.98384pt too wide) in paragraph at lines 571--603
\OT1/ptm/m/n/10 con-fi-dent about the re-sults this anal-y-sis is per-formed us
-ing both the para-met-ric re-gres-sion model 
 []


Overfull \hbox (13.42441pt too wide) in paragraph at lines 571--603
\OT1/ptm/m/n/10 and the non-parametric Kendall's $\OML/cmm/m/it/10 ^^\$ \OT1/pt
m/m/n/10 cor-re-la-tion co-ef-fi-cient test. As al-ready men-tioned both ap- 
 []


Overfull \hbox (14.5274pt too wide) in paragraph at lines 571--603
\OT1/ptm/m/n/10 proaches cor-rect for sea-sonal ef-fects. Fur-ther-more, in cas
e of T2M the same anal-y-sis has been 
 []


Overfull \hbox (12.00832pt too wide) in paragraph at lines 571--603
\OT1/ptm/m/n/10 per-formed ad-di-tion-ally us-ing BMA in-stead of EMOS in or-de
r to re-lax the de-pen-dence on one 
 []


Overfull \hbox (13.53426pt too wide) in paragraph at lines 571--603
\OT1/ptm/m/n/10 par-tic-u-lar post-processing method. As shown in Ta-ble [] the
 sta-tions with no sig-nif-i-cant trend 
 []


Overfull \hbox (1.86766pt too wide) in paragraph at lines 571--603
\OT1/ptm/m/n/10 out-num-ber the sta-tions with ei-ther neg-a-tive or pos-i-tive
 trend for all three vari-ables and lead 
 []


Overfull \hbox (7.18054pt too wide) in paragraph at lines 571--603
\OT1/ptm/m/n/10 times con-sid-ered. Note that the per-cent-age of sta-tions wit
h-out any sig-nif-i-cant trend in-creases 
 []


Overfull \hbox (4.01755pt too wide) in paragraph at lines 571--603
\OT1/ptm/m/n/10 with in-creas-ing lead time. In line with the re-sults shown in
 Fig-ure [], sig-nif-i-cantly neg-a-tive 
 []


Overfull \hbox (9.99846pt too wide) in paragraph at lines 571--603
\OT1/ptm/m/n/10 trends are more com-mon than pos-i-tive ones for T2M and PPT24.
 The dif-fer-ence be-tween the 
 []


Overfull \hbox (1.57452pt too wide) in paragraph at lines 571--603
\OT1/ptm/m/n/10 num-ber of sta-tions with neg-a-tive and those with pos-i-tive 
trend re-duces with in-creas-ing lead 
 []


Overfull \hbox (0.18127pt too wide) in paragraph at lines 571--603
\OT1/ptm/m/n/10 time, but is still greater than zero for a 10 day fore-cast. No
te that the high num-ber of non- 
 []


Overfull \hbox (11.15378pt too wide) in paragraph at lines 571--603
\OT1/ptm/m/n/10 significant sta-tions in case of PPT24 is likely to be due to t
he high vari-abil-ity of pre-cip-i-ta-tion 
 []


Overfull \hbox (2.23778pt too wide) in paragraph at lines 571--603
\OT1/ptm/m/n/10 amounts, and hence vari-abil-ity of CRPS val-ues, which leads t
o a large resid-ual stan-dard er- 
 []


Overfull \hbox (17.67432pt too wide) in paragraph at lines 571--603
\OT1/ptm/m/n/10 ror in case of the para-met-ric re-gres-sion model and to a lot
 of pairs (a pair de-notes here a value 
 []


Overfull \hbox (0.93365pt too wide) in paragraph at lines 571--603
\OT1/ptm/m/n/10 of $\OT1/cmr/m/n/10 ^^A$\OT1/ptm/m/n/10 CRPS and its as-so-ci-a
ted time stamp) op-po-site to the es-ti-mated di-rec-tion in case of the 
 []


Overfull \hbox (22.96396pt too wide) in paragraph at lines 571--603
\OML/cmm/m/it/10 ^^\$ \OT1/ptm/m/n/10 test statis-tics. In case of V10 the sta-
tions with a neg-a-tive trend and those with a pos-i-tive trend 
 []


Overfull \hbox (6.93738pt too wide) in paragraph at lines 571--603
\OT1/ptm/m/n/10 are al-most equally fre-quent re-gard-less of the lead time. Fi
g-ures of the global dis-tri-bu-tions of 
 []


Overfull \hbox (3.39435pt too wide) in paragraph at lines 571--603
\OT1/ptm/m/n/10 sta-tions with no, sig-nif-i-cantly neg-a-tive, and sig-nif-i-c
antly pos-i-tive trend in $\OT1/cmr/m/n/10 ^^A$\OT1/ptm/m/n/10 CRPS are avail- 

 []


Package natbib Warning: Citation `Ghel00' on page 9 undefined on input line 632
.


Package natbib Warning: Citation `Papp09' on page 9 undefined on input line 633
.


Overfull \hbox (0.50882pt too wide) in paragraph at lines 608--634
[]\OT1/ptm/m/n/10 According to the above anal-y-ses the gap in CRPS be-tween th
e raw en-sem-ble and the 
 []


Overfull \hbox (0.56819pt too wide) in paragraph at lines 608--634
\OT1/ptm/m/n/10 EMOS fore-casts re-mains al-most con-stant over time. For T2M a
nd PPT24 $\OT1/cmr/m/n/10 ^^A$\OT1/ptm/m/n/10 CRPS shows a 
 []


Overfull \hbox (2.11433pt too wide) in paragraph at lines 608--634
\OT1/ptm/m/n/10 slightly de-creas-ing ten-dency. The higher the lead time the l
ess ac-cen-tu-ated is this ten-dency. 
 []


Overfull \hbox (4.62871pt too wide) in paragraph at lines 608--634
\OT1/ptm/m/n/10 For V10 such a ten-dency can-not be de-tected. The para-met-ric
 re-gres-sion model and the non- 
 []


Overfull \hbox (12.25366pt too wide) in paragraph at lines 608--634
\OT1/ptm/m/n/10 parametric $\OML/cmm/m/it/10 ^^\$ \OT1/ptm/m/n/10 test yield si
m-i-lar re-sults. Hence, a lin-ear model that is over-laid by sea-sonal fluc- 
 []


Overfull \hbox (9.95421pt too wide) in paragraph at lines 608--634
\OT1/ptm/m/n/10 tu-a-tions seems to be rea-son-able. Note that the skill of the
 raw en-sem-ble and the EMOS fore- 
 []


Overfull \hbox (14.25436pt too wide) in paragraph at lines 608--634
\OT1/ptm/m/n/10 casts may some-times be neg-a-tively af-fected by up-grades to 
the at-mo-spheric model. Model up- 
 []


Overfull \hbox (1.50386pt too wide) in paragraph at lines 608--634
\OT1/ptm/m/n/10 grades may de-te-ri-o-rate raw en-sem-ble skill at some in-di-v
id-ual sta-tions. For in-stance, a res-o- 
 []


Overfull \hbox (12.07341pt too wide) in paragraph at lines 608--634
\OT1/ptm/m/n/10 lu-tion in-crease may in-tro-duce new is-sues with sta-tis-ti-c
al down-scal-ing of the fore-casts to some 
 []


Overfull \hbox (6.72035pt too wide) in paragraph at lines 608--634
\OT1/ptm/m/n/10 spe-cific ob-ser-va-tion sites. But more im-por-tantly, the ski
ll of the post-pro-cessed fore-casts can 
 []


Overfull \hbox (4.92453pt too wide) in paragraph at lines 608--634
\OT1/ptm/m/n/10 be low-ered dra-mat-i-cally if a model up-date hap-pens be-twee
n the train-ing and the ver-i-fi-ca-tion 
 []


Overfull \hbox (6.2244pt too wide) in paragraph at lines 608--634
\OT1/ptm/m/n/10 pe-riod. These is-sues may re-sult in pos-i-tive trends in $\OT
1/cmr/m/n/10 ^^A$\OT1/ptm/m/n/10 CRPS. Ide-ally, post-processing would 
 []


Overfull \hbox (11.58116pt too wide) in paragraph at lines 608--634
\OT1/ptm/m/n/10 be based on a cas-cade of re-fore-casts. That is, for each at-m
o-spheric model ver-sion, train-ing of 
 []


Overfull \hbox (20.78433pt too wide) in paragraph at lines 608--634
\OT1/ptm/m/n/10 the post-processing model would be done us-ing a cor-re-spond-i
ng time se-ries of re-fore-casts made 
 []


Overfull \hbox (14.17093pt too wide) in paragraph at lines 608--634
\OT1/ptm/m/n/10 with that same model ver-sion. Fur-ther-more, the ob-ser-va-tio
ns may be af-fected by mea-sure-ment 
 []


Overfull \hbox (1.02106pt too wide) in paragraph at lines 608--634
\OT1/ptm/m/n/10 er-rors. If these er-rors change over time, they may also in-fl
u-ence the es-ti-mates of the trends 
 []


Overfull \hbox (4.45781pt too wide) in paragraph at lines 608--634
\OT1/ptm/m/n/10 in $\OT1/cmr/m/n/10 ^^A$\OT1/ptm/m/n/10 CRPS. As the prob-lems 
in-tro-duced by sta-tis-ti-cal down-scal-ing may be mit-i-gated by ver- 
 []

[9]
Overfull \hbox (6.12823pt too wide) in paragraph at lines 635--645
[]\OT1/ptm/m/n/10 From the above we con-clude that the prob-a-bilis-tic skill o
f both the raw en-sem-bles and 
 []


Overfull \hbox (1.59102pt too wide) in paragraph at lines 635--645
\OT1/ptm/m/n/10 the EMOS fore-casts im-proves over time. The fact that the gap 
in skill has re-mained al-most 
 []


Overfull \hbox (4.15129pt too wide) in paragraph at lines 635--645
\OT1/ptm/b/n/10 con-stant\OT1/ptm/m/n/10 , es-pe-cially for V10, sug-gests that
 im-prove-ments to the at-mo-spheric model have an 
 []


Overfull \hbox (15.85353pt too wide) in paragraph at lines 635--645
\OT1/ptm/m/n/10 ef-fect quite dif-fer-ent from what cal-i-bra-tion by sta-tis-t
i-cal post-processing is do-ing. That is, they 
 []


Overfull \hbox (6.39369pt too wide) in paragraph at lines 635--645
\OT1/ptm/m/n/10 are in-creas-ing po-ten-tial skill. Thus this study in-di-cates
 that (a) fur-ther model de-vel-op-ment is 
 []


Overfull \hbox (0.79349pt too wide) in paragraph at lines 635--645
\OT1/ptm/m/n/10 im-por-tant even if one is just in-ter-ested in point fore-cast
s, and (b) sta-tis-ti-cal post-processing 
 []


Package natbib Warning: Citation `Boug10' on page 10 undefined on input line 65
3.


Package natbib Warning: Citation `Buiz07' on page 10 undefined on input line 65
3.


Package natbib Warning: Citation `Fra10' on page 10 undefined on input line 653
.


Package natbib Warning: Citation `Ghel00' on page 10 undefined on input line 65
4.


Package natbib Warning: Citation `Leit74' on page 10 undefined on input line 65
4.


Package natbib Warning: Citation `Boug10' on page 10 undefined on input line 65
7.


Package natbib Warning: Citation `Buiz07' on page 10 undefined on input line 65
7.


Package natbib Warning: Citation `Fra10' on page 10 undefined on input line 657
.


Package natbib Warning: Citation `Ghel00' on page 10 undefined on input line 65
8.


Package natbib Warning: Citation `Leit74' on page 10 undefined on input line 65
8.


Package natbib Warning: Citation `Boug10' on page 10 undefined on input line 66
0.


Package natbib Warning: Citation `Buiz07' on page 10 undefined on input line 66
0.


Package natbib Warning: Citation `Fra10' on page 10 undefined on input line 660
.

[10]
Missing character: There is no â in font ptmr7t!
Missing character: There is no € in font ptmr7t!
Missing character: There is no ” in font ptmr7t!
Missing character: There is no â in font ptmr7t!
Missing character: There is no € in font ptmr7t!
Missing character: There is no ” in font ptmr7t!

Overfull \hbox (17.98245pt too wide) in paragraph at lines 724--728
[]\OT1/ptm/m/n/10 Equation in German-born physi-cist Al-bert Ein-stein's the-or
y of spe-cial rel-a-tiv-ity that 
 []


Overfull \hbox (18.65141pt too wide) in paragraph at lines 724--728
\OT1/ptm/m/n/10 showed that the in-creased rel-a-tivis-tic mass ($\OML/cmm/m/it
/10 m$\OT1/ptm/m/n/10 ) of a body comes from the en-ergy of mo- 
 []


Overfull \hbox (13.59369pt too wide) in paragraph at lines 724--728
\OT1/ptm/m/n/10 tion of the bodythat is, its ki-netic en-ergy ($\OML/cmm/m/it/1
0 E$\OT1/ptm/m/n/10 )divided by the speed of light squared ($\OML/cmm/m/it/10 c
[]$\OT1/ptm/m/n/10 ).  
 []


Overfull \hbox (24.4645pt too wide) in paragraph at lines 737--750
\OT1/ptm/m/n/10 The fore-cast data used in this study can be made avail-able su
b-ject to a han-dling charge. SYNOP 
 []


Overfull \hbox (6.55832pt too wide) in paragraph at lines 737--750
\OT1/ptm/m/n/10 ob-ser-va-tions are not avail-able through ECMWF. We are grate-
ful to F. Ra-bier, D. S. Richard- 
 []


Overfull \hbox (12.57828pt too wide) in paragraph at lines 737--750
\OT1/ptm/m/n/10 son, D. Lavers, and other col-leagues at ECMWF for help-ful dis
-cus-sions and in-puts. We thank 
 []


Overfull \hbox (23.75795pt too wide) in paragraph at lines 737--750
\OT1/ptm/m/n/10 David M[]oller of the Uni-ver-sity of Hei-del-berg for his con-
tri-bu-tion. Fur-ther-more, we like to thank 
 []


Overfull \hbox (14.14734pt too wide) in paragraph at lines 737--750
\OT1/ptm/m/n/10 T. Gneit-ing of the Hei-del-berg In-sti-tute for The-o-ret-i-ca
l Stud-ies and of the In-sti-tute for Stochas- 
 []


Overfull \hbox (16.87735pt too wide) in paragraph at lines 737--750
\OT1/ptm/m/n/10 tics at Karl-sruhe In-sti-tute of Tech-nol-ogy for valu-able co
m-ments, and the col-leagues at the Hei- 
 []


Overfull \hbox (5.97118pt too wide) in paragraph at lines 737--750
\OT1/ptm/m/n/10 del-berg In-sti-tute for The-o-ret-i-cal Stud-ies. Ad-di-tion-a
lly, we are grate-ful to two anony-mous re- 
 []


Overfull \hbox (1.26779pt too wide) in paragraph at lines 737--750
\OT1/ptm/m/n/10 view-ers for their help-ful com-ments. We are in-debted to the 
ECMWF for grant-ing ac-cess to 
 []

[11]
Overfull \hbox (13.18475pt too wide) in paragraph at lines 751--752
[]\OT1/ptm/m/n/10 The Ed-i-tor thanks Pierre Pin-son and an anony-mous re-viewe
r for their as-sis-tance in eval- 
 []


Underfull \hbox (badness 10000) in paragraph at lines 784--788
[]\OT1/ptm/m/n/10 Bell, A. H., and Munoz, D. P. (2008). Ac-tiv-ity in the su-pe
-rior col-licu-lus re-flects dy-namic 
 []


Underfull \hbox (badness 10000) in paragraph at lines 784--788
\OT1/ptm/m/n/10 in-ter-ac-tions be-tween vol-un-tary and in-vol-un-tary in-flu-
ences on ori-ent-ing be-haviour. \OT1/ptm/m/it/10 Eur. J. 
 []


Underfull \hbox (badness 10000) in paragraph at lines 789--794
[]\OT1/ptm/m/n/10 Corbetta, M., Miezin, F. M., Dob-meyer, S., Shul-man, G. L., 
and Pe-tersen, S. E. (1991). 
 []


Underfull \hbox (badness 10000) in paragraph at lines 789--794
\OT1/ptm/m/n/10 Se-lec-tive and di-vided at-ten-tion dur-ing vi-sual dis-crim-i
-na-tions of shape, color, and speed: 
 []


Underfull \hbox (badness 10000) in paragraph at lines 795--800
[]\OT1/ptm/m/n/10 Borra, E., Ger-bella, M., Rozzi, S., Tonelli, S., and Lup-pin
o, G. (2014). Pro-jec-tions to the 
 []


Underfull \hbox (badness 10000) in paragraph at lines 795--800
\OT1/ptm/m/n/10 su-pe-rior col-licu-lus from in-fe-rior pari-etal, ven-tral pre
-mo-tor, and ven-tro-lat-eral pre-frontal 
 []


Underfull \hbox (badness 10000) in paragraph at lines 795--800
\OT1/ptm/m/n/10 ar-eas in-volved in con-trol-ling goal-directed hand ac-tions i
n the macaque. \OT1/ptm/m/it/10 Cereb. Cor-tex 
 []


Underfull \hbox (badness 10000) in paragraph at lines 802--806
[]\OT1/ptm/m/n/10 Dorris, M. C., Par[]e, M., and Munoz, D. P. (1997). Neu-ronal
 ac-tiv-ity in mon-key su-pe-rior 
 []


Underfull \hbox (badness 10000) in paragraph at lines 802--806
\OT1/ptm/m/n/10 col-licu-lus re-lated to the ini-ti-a-tion of sac-cadic eye mov
e-ments. \OT1/ptm/m/it/10 J. Neu-rosci. \OT1/ptm/m/n/10 17, 8566-- 
 []


Underfull \hbox (badness 10000) in paragraph at lines 808--813
[]\OT1/ptm/m/n/10 Elsabbagh, M., Volein, A., Holm-boe, K., Tucker, L., Csi-bra,
 G., Baron-Cohen, S., et al. 
 []


Underfull \hbox (badness 10000) in paragraph at lines 808--813
\OT1/ptm/m/n/10 (2009). Vi-sual ori-ent-ing in the early broader autism phe-no-
type: dis-en-gage-ment. \OT1/ptm/m/it/10 J. Child 
 []


Underfull \hbox (badness 10000) in paragraph at lines 814--819
[]\OT1/ptm/m/n/10 Fortin, S., Chabli, A., Du-mont, I., Shu-mikhina, S., Itaya, 
S. K., and Molotch-nikoff, S. 
 []


Underfull \hbox (badness 10000) in paragraph at lines 814--819
\OT1/ptm/m/n/10 (1999). Mat-u-ra-tion of vi-sual re-cep-tive field prop-er-ties
 in the rat su-pe-rior col-licu-lus. 
 []


Underfull \hbox (badness 10000) in paragraph at lines 820--824
[]\OT1/ptm/m/n/10 Felsen, G., and Mainen, Z. F. (2008). Neu-ral sub-strates of 
sensory-guided lo-co-mo-tor 
 []


Underfull \hbox (badness 10000) in paragraph at lines 825--829
[]\OT1/ptm/m/n/10 Gattass, R., and Des-i-mone, R. (1996). Re-sponses of cells i
n the su-pe-rior col-licu-lus dur-ing 
 []


Underfull \vbox (badness 10000) has occurred while \output is active []

 [12]
Underfull \hbox (badness 10000) in paragraph at lines 830--834
[]\OT1/ptm/m/n/10 Goldberg, M. E., and Wurtz, R. H. (1972). Ac-tiv-ity of su-pe
-rior col-licu-lus in be-hav-ing 
 []


Underfull \hbox (badness 10000) in paragraph at lines 835--839
[]\OT1/ptm/m/n/10 Krauzlis, R. J. (2003). Neu-ronal ac-tiv-ity in the ros-tral 
su-pe-rior col-licu-lus re-lated to the 
 []


Underfull \hbox (badness 10000) in paragraph at lines 841--844
[]\OT1/ptm/m/n/10 Heesy, C. P. (2009). See-ing in stereo: the ecol-ogy and evo-
lu-tion of pri-mate binoc-u-lar 
 []


Underfull \hbox (badness 10000) in paragraph at lines 845--850
[]\OT1/ptm/m/n/10 Hilbig, H., Bid-mon, H. J., Et-trich, P., and M[]uller, A. (2
000). Pro-jec-tion neu-rons in the 
 []


Underfull \hbox (badness 10000) in paragraph at lines 845--850
\OT1/ptm/m/n/10 su-per-fi-cial lay-ers of the su-pe-rior col-licu-lus in the ra
t: a to-po-graphic and quan-ti-ta-tive 
 []


Underfull \hbox (badness 10000) in paragraph at lines 852--856
[]\OT1/ptm/m/n/10 Ignashchenkova, A., Dicke, P. W., Haarmeier, T., and Their, P
. (2004). Neuron-specific 
 []


Underfull \hbox (badness 10000) in paragraph at lines 852--856
\OT1/ptm/m/n/10 con-tri-bu-tion of the su-pe-rior col-licu-lus to overt and cov
ert shifts of at-ten-tion. \OT1/ptm/m/it/10 Nat. Neu- 
 []


Underfull \hbox (badness 10000) in paragraph at lines 857--860
[]\OT1/ptm/m/n/10 Krauzlis, R. J., Love-joy, L. P., and Z[]enon, A. (2013). Su-
pe-rior col-licu-lus and vi-sual spa-tial 
 []


Underfull \hbox (badness 10000) in paragraph at lines 861--864
[]\OT1/ptm/m/n/10 Kustov, A. A., and Robin-son, D. L. (1996). Shared neu-ral co
n-trol of at-ten-tional shifts and 
 []


Underfull \hbox (badness 10000) in paragraph at lines 865--869
[]\OT1/ptm/m/n/10 Landry, R., and Bryson, S. E. (2004). Im-paired dis-en-gage-m
ent of at-ten-tion in young 
 []


Underfull \hbox (badness 10000) in paragraph at lines 870--875
[]\OT1/ptm/m/n/10 Kobayashi, T., Tran, A. H., Nishijo, H., Ono, T., and Mat-sum
oto, G. (2003). Con-tri-bu-tion 
 []


Underfull \hbox (badness 10000) in paragraph at lines 870--875
\OT1/ptm/m/n/10 of hip-pocam-pal place cell ac-tiv-ity to learn-ing and for-ma-
tion of goal-directed nav-i-ga-tion 
 []


Underfull \hbox (badness 10000) in paragraph at lines 876--880
[]\OT1/ptm/m/n/10 McHaffie, J. G., Stan-ford, T. R., Stein, B. E., Coizet, V., 
and Red-grave, P. (2005). Sub-cor- 
 []


Underfull \hbox (badness 10000) in paragraph at lines 881--885
[]\OT1/ptm/m/n/10 McPeek, R. M., and Keller, E. L. (2004). Deficits in sac-cade
 tar-get se-lec-tion af-ter in-ac-ti- 
 []


Underfull \hbox (badness 10000) in paragraph at lines 886--890
[]\OT1/ptm/m/n/10 M[]uller, J. R., Phil-iastides, M. G., and New-some, W. T. (2
005). Mi-cros-tim-u-la-tion of the 
 []


Underfull \hbox (badness 10000) in paragraph at lines 886--890
\OT1/ptm/m/n/10 su-pe-rior col-licu-lus fo-cuses at-ten-tion with-out mov-ing t
he eyes. \OT1/ptm/m/it/10 Proc. Natl. Acad. Sci. 
 []


Underfull \hbox (badness 10000) in paragraph at lines 891--895
[]\OT1/ptm/m/n/10 Munoz, D. P., and Ist-van, P. J. (1998). Lat-eral in-hibitory
 in-ter-ac-tions in the in-ter-me-di-ate 
 []

[13]
LaTeX Font Info:    Font shape `OT1/ptm/bx/n' in size <12> not available
(Font)              Font shape `OT1/ptm/b/n' tried instead on input line 912.


LaTeX Warning: Reference `1' on page 14 undefined on input line 912.


LaTeX Warning: Reference `1' on page 14 undefined on input line 912.


LaTeX Warning: Reference `1' on page 14 undefined on input line 912.


LaTeX Warning: Reference `2' on page 14 undefined on input line 912.


LaTeX Warning: Reference `2' on page 14 undefined on input line 912.


LaTeX Warning: Reference `2' on page 14 undefined on input line 912.


LaTeX Warning: Reference `3' on page 14 undefined on input line 912.


LaTeX Warning: Reference `3' on page 14 undefined on input line 912.


LaTeX Warning: Reference `3' on page 14 undefined on input line 912.


LaTeX Warning: Reference `4' on page 14 undefined on input line 912.


LaTeX Warning: Reference `4' on page 14 undefined on input line 912.


LaTeX Warning: Reference `4' on page 14 undefined on input line 912.


LaTeX Warning: Reference `5' on page 14 undefined on input line 912.


LaTeX Warning: Reference `5' on page 14 undefined on input line 912.


LaTeX Warning: Reference `5' on page 14 undefined on input line 912.


LaTeX Warning: Reference `6' on page 14 undefined on input line 912.


LaTeX Warning: Reference `6' on page 14 undefined on input line 912.


LaTeX Warning: Reference `6' on page 14 undefined on input line 912.


Overfull \hbox (23.61035pt too wide) in paragraph at lines 912--912
 []\OT1/ptm/m/n/10 Deleted: []|   []   |   []   |   []   |   []   |   []   |   
[]   |   []   |   []   |   []   |   []   |   []   |   [] 
 []


LaTeX Warning: Reference `7' on page 14 undefined on input line 912.


LaTeX Warning: Reference `7' on page 14 undefined on input line 912.


LaTeX Warning: Reference `7' on page 14 undefined on input line 912.


Package natbib Warning: There were undefined citations.

[14

] (./agujournalsample.aux

Package natbib Warning: Citation(s) may have changed.
(natbib)                Rerun to get citations correct.

)

LaTeX Warning: There were undefined references.


LaTeX Warning: Label(s) may have changed. Rerun to get cross-references right.

 ) 
Here is how much of TeX's memory you used:
 3073 strings out of 494985
 41284 string characters out of 6180357
 105765 words of memory out of 5000000
 6225 multiletter control sequences out of 15000+600000
 36734 words of font info for 71 fonts, out of 8000000 for 9000
 42 hyphenation exceptions out of 8191
 38i,10n,35p,260b,329s stack positions out of 5000i,500n,10000p,200000b,80000s
{/usr/share/texlive/texmf-dist/fonts/enc/dvips/base/8r.enc}</usr/share/texliv
e/texmf-dist/fonts/type1/public/amsfonts/cm/cmbsy10.pfb></usr/share/texlive/tex
mf-dist/fonts/type1/public/amsfonts/cm/cmbx10.pfb></usr/share/texlive/texmf-dis
t/fonts/type1/public/amsfonts/cm/cmbx7.pfb></usr/share/texlive/texmf-dist/fonts
/type1/public/amsfonts/cm/cmex10.pfb></usr/share/texlive/texmf-dist/fonts/type1
/public/amsfonts/cm/cmmi10.pfb></usr/share/texlive/texmf-dist/fonts/type1/publi
c/amsfonts/cm/cmmi5.pfb></usr/share/texlive/texmf-dist/fonts/type1/public/amsfo
nts/cm/cmmi6.pfb></usr/share/texlive/texmf-dist/fonts/type1/public/amsfonts/cm/
cmmi7.pfb></usr/share/texlive/texmf-dist/fonts/type1/public/amsfonts/cm/cmmib10
.pfb></usr/share/texlive/texmf-dist/fonts/type1/public/amsfonts/cm/cmr10.pfb></
usr/share/texlive/texmf-dist/fonts/type1/public/amsfonts/cm/cmr6.pfb></usr/shar
e/texlive/texmf-dist/fonts/type1/public/amsfonts/cm/cmr7.pfb></usr/share/texliv
e/texmf-dist/fonts/type1/public/amsfonts/cm/cmsy10.pfb></usr/share/texlive/texm
f-dist/fonts/type1/public/amsfonts/cm/cmsy5.pfb></usr/share/texlive/texmf-dist/
fonts/type1/public/amsfonts/cm/cmsy6.pfb></usr/share/texlive/texmf-dist/fonts/t
ype1/public/amsfonts/cm/cmsy7.pfb></usr/share/texlive/texmf-dist/fonts/type1/ur
w/courier/ucrr8a.pfb></usr/share/texlive/texmf-dist/fonts/type1/urw/helvetic/uh
vr8a.pfb></usr/share/texlive/texmf-dist/fonts/type1/urw/times/utmb8a.pfb></usr/
share/texlive/texmf-dist/fonts/type1/urw/times/utmbi8a.pfb></usr/share/texlive/
texmf-dist/fonts/type1/urw/times/utmr8a.pfb></usr/share/texlive/texmf-dist/font
s/type1/urw/times/utmri8a.pfb>
Output written on agujournalsample.pdf (14 pages, 238858 bytes).
PDF statistics:
 149 PDF objects out of 1000 (max. 8388607)
 106 compressed objects within 2 object streams
 0 named destinations out of 1000 (max. 500000)
 6 words of extra memory for PDF output out of 10000 (max. 10000000)

